# JRE version: Java(TM) SE Runtime Environment (8.0_201-b09) (build 1.8.0_201-b09)
# Java VM: Java HotSpot(TM) 64-Bit Server VM (25.201-b09 mixed mode windows-amd64 compressed oops)
Heap:
 PSYoungGen      total 76288K, used 37992K [0x000000076b380000, 0x0000000770880000, 0x00000007c0000000)
  eden space 65536K, 57% used [0x000000076b380000,0x000000076d89a290,0x000000076f380000)
  from space 10752K, 0% used [0x000000076fe00000,0x000000076fe00000,0x0000000770880000)
  to   space 10752K, 0% used [0x000000076f380000,0x000000076f380000,0x000000076fe00000)
 ParOldGen       total 73728K, used 8089K [0x00000006c1a00000, 0x00000006c6200000, 0x000000076b380000)
  object space 73728K, 10% used [0x00000006c1a00000,0x00000006c21e6458,0x00000006c6200000)
 Metaspace       used 25390K, capacity 26244K, committed 26368K, reserved 1073152K
  class space    used 3129K, capacity 3328K, committed 3328K, reserved 1048576K
GC Heap History (6 events):
Event: 1.970 GC heap before
{Heap before GC invocations=1 (full 0):
 PSYoungGen      total 76288K, used 65536K [0x000000076b380000, 0x0000000770880000, 0x00000007c0000000)
  eden space 65536K, 100% used [0x000000076b380000,0x000000076f380000,0x000000076f380000)
  from space 10752K, 0% used [0x000000076fe00000,0x000000076fe00000,0x0000000770880000)
  to   space 10752K, 0% used [0x000000076f380000,0x000000076f380000,0x000000076fe00000)
 ParOldGen       total 175104K, used 0K [0x00000006c1a00000, 0x00000006cc500000, 0x000000076b380000)
  object space 175104K, 0% used [0x00000006c1a00000,0x00000006c1a00000,0x00000006cc500000)
 Metaspace       used 16453K, capacity 17018K, committed 17280K, reserved 1064960K
  class space    used 1984K, capacity 2149K, committed 2176K, reserved 1048576K
Event: 1.978 GC heap after
Heap after GC invocations=1 (full 0):
 PSYoungGen      total 76288K, used 9737K [0x000000076b380000, 0x0000000770880000, 0x00000007c0000000)
  eden space 65536K, 0% used [0x000000076b380000,0x000000076b380000,0x000000076f380000)
  from space 10752K, 90% used [0x000000076f380000,0x000000076fd02410,0x000000076fe00000)
  to   space 10752K, 0% used [0x000000076fe00000,0x000000076fe00000,0x0000000770880000)
 ParOldGen       total 175104K, used 80K [0x00000006c1a00000, 0x00000006cc500000, 0x000000076b380000)
  object space 175104K, 0% used [0x00000006c1a00000,0x00000006c1a14010,0x00000006cc500000)
 Metaspace       used 16453K, capacity 17018K, committed 17280K, reserved 1064960K
  class space    used 1984K, capacity 2149K, committed 2176K, reserved 1048576K
}
Event: 5.058 GC heap before
{Heap before GC invocations=2 (full 0):
 PSYoungGen      total 76288K, used 35289K [0x000000076b380000, 0x0000000770880000, 0x00000007c0000000)
  eden space 65536K, 38% used [0x000000076b380000,0x000000076cc740b0,0x000000076f380000)
  from space 10752K, 90% used [0x000000076f380000,0x000000076fd02410,0x000000076fe00000)
  to   space 10752K, 0% used [0x000000076fe00000,0x000000076fe00000,0x0000000770880000)
 ParOldGen       total 175104K, used 80K [0x00000006c1a00000, 0x00000006cc500000, 0x000000076b380000)
  object space 175104K, 0% used [0x00000006c1a00000,0x00000006c1a14010,0x00000006cc500000)
 Metaspace       used 20485K, capacity 21190K, committed 21296K, reserved 1069056K
  class space    used 2504K, capacity 2681K, committed 2688K, reserved 1048576K
Event: 5.064 GC heap after
Heap after GC invocations=2 (full 0):
 PSYoungGen      total 76288K, used 8272K [0x000000076b380000, 0x0000000770880000, 0x00000007c0000000)
  eden space 65536K, 0% used [0x000000076b380000,0x000000076b380000,0x000000076f380000)
  from space 10752K, 76% used [0x000000076fe00000,0x00000007706143a0,0x0000000770880000)
  to   space 10752K, 0% used [0x000000076f380000,0x000000076f380000,0x000000076fe00000)
 ParOldGen       total 175104K, used 88K [0x00000006c1a00000, 0x00000006cc500000, 0x000000076b380000)
  object space 175104K, 0% used [0x00000006c1a00000,0x00000006c1a16010,0x00000006cc500000)
 Metaspace       used 20485K, capacity 21190K, committed 21296K, reserved 1069056K
  class space    used 2504K, capacity 2681K, committed 2688K, reserved 1048576K
}
Event: 5.064 GC heap before
{Heap before GC invocations=3 (full 1):
 PSYoungGen      total 76288K, used 8272K [0x000000076b380000, 0x0000000770880000, 0x00000007c0000000)
  eden space 65536K, 0% used [0x000000076b380000,0x000000076b380000,0x000000076f380000)
  from space 10752K, 76% used [0x000000076fe00000,0x00000007706143a0,0x0000000770880000)
  to   space 10752K, 0% used [0x000000076f380000,0x000000076f380000,0x000000076fe00000)
 ParOldGen       total 175104K, used 88K [0x00000006c1a00000, 0x00000006cc500000, 0x000000076b380000)
  object space 175104K, 0% used [0x00000006c1a00000,0x00000006c1a16010,0x00000006cc500000)
 Metaspace       used 20485K, capacity 21190K, committed 21296K, reserved 1069056K
  class space    used 2504K, capacity 2681K, committed 2688K, reserved 1048576K
Event: 5.089 GC heap after
Heap after GC invocations=3 (full 1):
 PSYoungGen      total 76288K, used 0K [0x000000076b380000, 0x0000000770880000, 0x00000007c0000000)
  eden space 65536K, 0% used [0x000000076b380000,0x000000076b380000,0x000000076f380000)
  from space 10752K, 0% used [0x000000076fe00000,0x000000076fe00000,0x0000000770880000)
  to   space 10752K, 0% used [0x000000076f380000,0x000000076f380000,0x000000076fe00000)
 ParOldGen       total 73728K, used 8089K [0x00000006c1a00000, 0x00000006c6200000, 0x000000076b380000)
  object space 73728K, 10% used [0x00000006c1a00000,0x00000006c21e6458,0x00000006c6200000)
 Metaspace       used 20485K, capacity 21190K, committed 21296K, reserved 1069056K
  class space    used 2504K, capacity 2681K, committed 2688K, reserved 1048576K
}

