<?xml version="1.0" encoding="UTF-8"?>
<testng-results skipped="0" failed="0" total="1" passed="1">
  <reporter-output>
  </reporter-output>
  <suite name="Suite" duration-ms="20293" started-at="2019-08-08T13:39:06Z" finished-at="2019-08-08T13:39:26Z">
    <groups>
    </groups>
    <test name="Test" duration-ms="20293" started-at="2019-08-08T13:39:06Z" finished-at="2019-08-08T13:39:26Z">
      <class name="com.investaSolutions.tests.VerifyUserTest">
        <test-method status="PASS" signature="beforeSuite(java.lang.String)[pri:0, instance:com.investaSolutions.tests.VerifyUserTest@1e397ed7]" name="beforeSuite" is-config="true" duration-ms="3936" started-at="2019-08-08T19:09:02Z" finished-at="2019-08-08T19:09:06Z">
          <params>
            <param index="0">
              <value>
                <![CDATA[chrome]]>
              </value>
            </param>
          </params>
          <reporter-output>
          </reporter-output>
        </test-method> <!-- beforeSuite -->
        <test-method status="PASS" signature="testToVerifyUserTabAndDetailsOnUserListTest(java.lang.reflect.Method)[pri:1, instance:com.investaSolutions.tests.VerifyUserTest@1e397ed7]" name="testToVerifyUserTabAndDetailsOnUserListTest" duration-ms="20176" started-at="2019-08-08T19:09:06Z" finished-at="2019-08-08T19:09:26Z">
          <params>
            <param index="0">
              <value>
                <![CDATA[public void com.investaSolutions.tests.VerifyUserTest.testToVerifyUserTabAndDetailsOnUserListTest(java.lang.reflect.Method) throws java.lang.Exception]]>
              </value>
            </param>
          </params>
          <reporter-output>
          </reporter-output>
        </test-method> <!-- testToVerifyUserTabAndDetailsOnUserListTest -->
        <test-method status="PASS" signature="afterMethod(org.testng.ITestResult)[pri:0, instance:com.investaSolutions.tests.VerifyUserTest@1e397ed7]" name="afterMethod" is-config="true" duration-ms="108" started-at="2019-08-08T19:09:26Z" finished-at="2019-08-08T19:09:26Z">
          <params>
            <param index="0">
              <value>
                <![CDATA[[TestResult name=testToVerifyUserTabAndDetailsOnUserListTest status=SUCCESS method=VerifyUserTest.testToVerifyUserTabAndDetailsOnUserListTest(java.lang.reflect.Method)[pri:1, instance:com.investaSolutions.tests.VerifyUserTest@1e397ed7] output={null}]]]>
              </value>
            </param>
          </params>
          <reporter-output>
          </reporter-output>
        </test-method> <!-- afterMethod -->
        <test-method status="PASS" signature="generateReport()[pri:0, instance:com.investaSolutions.tests.VerifyUserTest@1e397ed7]" name="generateReport" is-config="true" duration-ms="5701" started-at="2019-08-08T19:09:26Z" finished-at="2019-08-08T19:09:32Z">
          <reporter-output>
          </reporter-output>
        </test-method> <!-- generateReport -->
      </class> <!-- com.investaSolutions.tests.VerifyUserTest -->
    </test> <!-- Test -->
  </suite> <!-- Suite -->
</testng-results>
